panic on thread 'crash-test': panicked at src\main.rs:65:17:
deliberate --crash-test panic

backtrace:
   0: std::backtrace_rs::backtrace::win64::trace
             at /rustc/31fca3adb283cc9dfd56b49cdee9a96eb9c96ffd/library\std\src\..\..\backtrace\src\backtrace\win64.rs:85
   1: std::backtrace_rs::backtrace::trace_unsynchronized
             at /rustc/31fca3adb283cc9dfd56b49cdee9a96eb9c96ffd/library\std\src\..\..\backtrace\src\backtrace\mod.rs:66
   2: std::backtrace::Backtrace::create
             at /rustc/31fca3adb283cc9dfd56b49cdee9a96eb9c96ffd/library\std\src\backtrace.rs:331
   3: renderer::logger::install_panic_hook::{{closure}}
   4: std::panicking::panic_with_hook
             at /rustc/31fca3adb283cc9dfd56b49cdee9a96eb9c96ffd/library\std\src\panicking.rs:833
   5: std::panicking::panic_handler::closure$0
             at /rustc/31fca3adb283cc9dfd56b49cdee9a96eb9c96ffd/library\std\src\panicking.rs:691
   6: std::sys::backtrace::__rust_end_short_backtrace<std::panicking::panic_handler::closure_env$0,never$>
             at /rustc/31fca3adb283cc9dfd56b49cdee9a96eb9c96ffd/library\std\src\sys\backtrace.rs:182
   7: std::panicking::panic_handler
             at /rustc/31fca3adb283cc9dfd56b49cdee9a96eb9c96ffd/library\std\src\panicking.rs:689
   8: core::panicking::panic_fmt
             at /rustc/31fca3adb283cc9dfd56b49cdee9a96eb9c96ffd/library\core\src\panicking.rs:80
   9: std::sys::backtrace::__rust_begin_short_backtrace
  10: std::sys::backtrace::__rust_begin_short_backtrace
  11: std::thread::lifecycle::spawn_unchecked
  12: core::ptr::drop_in_place<std::sync::poison::PoisonError<std::sync::poison::rwlock::RwLockWriteGuard<wasmtime::runtime::vm::memory::LocalMemory>>>
  13: core::ops::function::FnOnce::call_once{{vtable.shim}}
  14: std::sys::thread::windows::impl$0::new::thread_start
             at /rustc/31fca3adb283cc9dfd56b49cdee9a96eb9c96ffd/library\std\src\sys\thread\windows.rs:58
  15: BaseThreadInitThunk
  16: RtlUserThreadStart


last log lines:
2026-07-05 23:12:40.551 [sys      ] ==== session start pid=84076 v0.1.0 ====
2026-07-05 23:12:40.552 [crash    ] previous session did NOT exit cleanly (native crash, kill, or power loss) — see the log tail above this session marker
2026-07-05 23:12:40.553 [sys      ] starting; guest=hello.wasm crash_test=true cwd=C:\Users\mreca\Desktop\GoWebBrowser\renderer
2026-07-05 23:12:40.777 [host     ] [host] system log: C:\Users\mreca\Desktop\GoWebBrowser\renderer\logs\system.log
2026-07-05 23:12:40.778 [host     ] [host] loading hello.wasm
2026-07-05 23:12:41.024 [guest    ] module compiled from hello.wasm in 246.8ms
2026-07-05 23:12:41.026 [guest:out] hello from Go go1.26.3 (wasip1/wasm) inside the Rust renderer
2026-07-05 23:12:41.027 [host     ] [host] guest exited with status 0 after 249.3ms
2026-07-05 23:12:41.381 [ui       ] window surface(s) created (1 window)
2026-07-05 23:12:41.778 [crash    ] panic on thread 'crash-test': panicked at src\main.rs:65:17:
deliberate --crash-test panic
