2026-07-05 23:12:25.132 [sys      ] ==== session start pid=83468 v0.1.0 ====
2026-07-05 23:12:25.133 [sys      ] starting; guest=hello.wasm crash_test=false cwd=C:\Users\mreca\Desktop\GoWebBrowser\renderer
2026-07-05 23:12:25.285 [host     ] [host] system log: C:\Users\mreca\Desktop\GoWebBrowser\renderer\logs\system.log
2026-07-05 23:12:25.285 [host     ] [host] loading hello.wasm
2026-07-05 23:12:25.460 [guest    ] module compiled from hello.wasm in 174.1ms
2026-07-05 23:12:25.461 [guest:out] hello from Go go1.26.3 (wasip1/wasm) inside the Rust renderer
2026-07-05 23:12:25.462 [host     ] [host] guest exited with status 0 after 176.2ms
2026-07-05 23:12:25.774 [ui       ] window surface(s) created (1 window)
2026-07-05 23:12:40.551 [sys      ] ==== session start pid=84076 v0.1.0 ====
2026-07-05 23:12:40.552 [crash    ] previous session did NOT exit cleanly (native crash, kill, or power loss) — see the log tail above this session marker
2026-07-05 23:12:40.553 [sys      ] starting; guest=hello.wasm crash_test=true cwd=C:\Users\mreca\Desktop\GoWebBrowser\renderer
2026-07-05 23:12:40.777 [host     ] [host] system log: C:\Users\mreca\Desktop\GoWebBrowser\renderer\logs\system.log
2026-07-05 23:12:40.778 [host     ] [host] loading hello.wasm
2026-07-05 23:12:41.024 [guest    ] module compiled from hello.wasm in 246.8ms
2026-07-05 23:12:41.026 [guest:out] hello from Go go1.26.3 (wasip1/wasm) inside the Rust renderer
2026-07-05 23:12:41.027 [host     ] [host] guest exited with status 0 after 249.3ms
2026-07-05 23:12:41.381 [ui       ] window surface(s) created (1 window)
2026-07-05 23:12:41.778 [crash    ] panic on thread 'crash-test': panicked at src\main.rs:65:17:
deliberate --crash-test panic
2026-07-05 23:12:41.814 [crash    ] crash report: C:\Users\mreca\Desktop\GoWebBrowser\renderer\logs\crash-20260705-231241.log
